2024-11-13T15:38:18.811806+0800 ERROR No mask to save!
2024-11-13T17:03:48.205305+0800 INFO UnderS (0.15) [%]: 107.46031746
2024-11-13T17:03:48.207311+0800 INFO OverS (8) [%]: 0.00000000
2024-11-13T17:03:48.208311+0800 INFO Mean Size : 0.00087691
2024-11-13T17:03:48.208311+0800 INFO D90mm : 0.00165793
2024-11-13T17:03:48.209312+0800 INFO D10mm : 0.00010481
2024-11-13T17:03:48.209312+0800 INFO D50mm : 0.00064995
2024-11-13T17:03:48.210310+0800 INFO Minimu Area : 0.00000206
2024-11-13T17:03:48.214310+0800 INFO bins:['8.0', '1.0', '0.106', '0.038', 'Bottom'] 
2024-11-13T17:06:11.332627+0800 INFO UnderS (0.15) [%]: 107.46031746
2024-11-13T17:06:11.335140+0800 INFO OverS (8) [%]: 0.00000000
2024-11-13T17:06:11.335140+0800 INFO Mean Size : 0.00087691
2024-11-13T17:06:11.337137+0800 INFO D90mm : 0.00165793
2024-11-13T17:06:11.338136+0800 INFO D10mm : 0.00010481
2024-11-13T17:06:11.338136+0800 INFO D50mm : 0.00064995
2024-11-13T17:06:11.339135+0800 INFO Minimu Area : 0.00000206
2024-11-13T17:06:11.340135+0800 INFO bins:['8.0', '1.0', '0.106', '0.038', 'Bottom'] 
2024-11-13T17:07:47.050085+0800 INFO UnderS (0.15) [%]: 107.46031746
2024-11-13T17:07:47.051597+0800 INFO OverS (8) [%]: 0.00000000
2024-11-13T17:07:47.051597+0800 INFO Mean Size : 0.00087691
2024-11-13T17:07:47.051597+0800 INFO D90mm : 0.00165793
2024-11-13T17:07:47.053104+0800 INFO D10mm : 0.00010481
2024-11-13T17:07:47.054110+0800 INFO D50mm : 0.00064995
2024-11-13T17:07:47.054110+0800 INFO Minimu Area : 0.00000206
2024-11-13T17:07:47.055109+0800 INFO bins:['8.0', '1.0', '0.106', '0.038', 'Bottom'] 
2024-11-13T17:08:09.229619+0800 INFO UnderS (0.15) [%]: 107.46031746
2024-11-13T17:08:09.230620+0800 INFO OverS (8) [%]: 0.00000000
2024-11-13T17:08:09.231618+0800 INFO Mean Size : 0.00087691
2024-11-13T17:08:09.231618+0800 INFO D90mm : 0.00165793
2024-11-13T17:08:09.232618+0800 INFO D10mm : 0.00010481
2024-11-13T17:08:09.232618+0800 INFO D50mm : 0.00064995
2024-11-13T17:08:09.232618+0800 INFO Minimu Area : 0.00000206
2024-11-13T17:08:09.234890+0800 INFO bins:['8.0', '1.0', '0.106', '0.038', 'Bottom'] 
2024-11-15T08:38:28.718560+0800 INFO UnderS (0.15) [%]: 107.46031746
2024-11-15T08:38:28.720123+0800 INFO OverS (8) [%]: 0.00000000
2024-11-15T08:38:28.721137+0800 INFO Mean Size : 0.00087691
2024-11-15T08:38:28.721137+0800 INFO D90mm : 0.00165793
2024-11-15T08:38:28.722134+0800 INFO D10mm : 0.00010481
2024-11-15T08:38:28.723135+0800 INFO D50mm : 0.00064995
2024-11-15T08:38:28.723135+0800 INFO Minimu Area : 0.00000206
2024-11-15T08:38:28.728134+0800 INFO bins:['8.0', '1.0', '0.106', '0.038', 'Bottom'] 
2024-11-15T13:39:35.407786+0800 INFO UnderS (0.15) [%]: 0.00000000
2024-11-15T13:39:35.409786+0800 INFO OverS (8) [%]: 93.31256490
2024-11-15T13:39:35.410788+0800 INFO Mean Size : 1.19555815
2024-11-15T13:39:35.411802+0800 INFO D90mm : 2.43720245
2024-11-15T13:39:35.412797+0800 INFO D10mm : 0.08897677
2024-11-15T13:39:35.414795+0800 INFO D50mm : 0.86068908
2024-11-15T13:39:35.414795+0800 INFO Minimu Area : 1.97921627
2024-11-15T13:39:35.419794+0800 INFO bins:['8.0', '1.0', '0.106', '0.038', 'Bottom'] 
2024-11-15T13:46:52.955761+0800 INFO UnderS (0.15) [%]: 0.00000000
2024-11-15T13:46:52.957760+0800 INFO OverS (8) [%]: 93.31256490
2024-11-15T13:46:52.957760+0800 INFO Mean Size : 1.19555815
2024-11-15T13:46:52.958758+0800 INFO D90mm : 2.43720245
2024-11-15T13:46:52.959760+0800 INFO D10mm : 0.08897677
2024-11-15T13:46:52.960759+0800 INFO D50mm : 0.86068908
2024-11-15T13:46:52.960759+0800 INFO Minimu Area : 1.97921627
2024-11-15T13:46:52.961758+0800 INFO bins:['8.0', '1.0', '0.106', '0.038', 'Bottom'] 
2024-11-15T13:51:17.709297+0800 INFO UnderS (0.15) [%]: 0.00000000
2024-11-15T13:51:17.711293+0800 ERROR Segments csv file can  not be parsed
2024-11-15T13:51:17.712294+0800 INFO bins:['8.0', '1.0', '0.106', '0.038', 'Bottom'] 
2024-11-15T13:54:03.153375+0800 INFO UnderS (0.15) [%]: 0.00000000
2024-11-15T13:54:03.155377+0800 ERROR Segments csv file can  not be parsed
2024-11-15T13:54:03.155377+0800 INFO bins:['8.0', '1.0', '0.106', '0.038', 'Bottom'] 
2024-11-15T13:54:38.956548+0800 INFO UnderS (0.15) [%]: 0.00000000
2024-11-15T13:54:38.957552+0800 ERROR Segments csv file can  not be parsed
2024-11-15T13:54:38.958547+0800 INFO bins:['8.0', '1.0', '0.106', '0.038', 'Bottom'] 
2024-11-15T13:59:58.674665+0800 INFO UnderS (0.15) [%]: 0.00000000
2024-11-15T13:59:58.676665+0800 ERROR Segments csv file can  not be parsed
2024-11-15T13:59:58.676665+0800 INFO bins:['8.0', '1.0', '0.106', '0.038', 'Bottom'] 
2024-11-15T14:12:43.212576+0800 INFO UnderS (0.15) [%]: 0.00000000
2024-11-15T14:12:43.214574+0800 ERROR Segments csv file can  not be parsed
2024-11-15T14:12:43.215572+0800 INFO bins:['8.0', '1.0', '0.106', '0.038', 'Bottom'] 
2024-11-15T14:24:51.914693+0800 INFO UnderS (0.15) [%]: 0.00000000
2024-11-15T14:24:51.916691+0800 ERROR Segments csv file can  not be parsed
2024-11-15T14:24:51.916691+0800 INFO bins:['8.0', '1.0', '0.106', '0.038', 'Bottom'] 
2024-11-15T14:25:48.009225+0800 INFO UnderS (0.15) [%]: 0.00000000
2024-11-15T14:25:48.010225+0800 ERROR Segments csv file can  not be parsed
2024-11-15T14:25:48.011226+0800 INFO bins:['8.0', '1.0', '0.106', '0.038', 'Bottom'] 
2024-11-15T14:26:48.626631+0800 INFO UnderS (0.15) [%]: 0.00000000
2024-11-15T14:26:48.628629+0800 ERROR Segments csv file can  not be parsed
2024-11-15T14:26:48.629630+0800 INFO bins:['8.0', '1.0', '0.106', '0.038', 'Bottom'] 
2024-11-15T14:29:07.431009+0800 INFO UnderS (0.15) [%]: 0.00000000
2024-11-15T14:29:07.432010+0800 ERROR Segments csv file can  not be parsed
2024-11-15T14:29:07.433010+0800 INFO bins:['8.0', '1.0', '0.106', '0.038', 'Bottom'] 
2024-11-15T14:37:31.259891+0800 INFO UnderS (0.15) [%]: 0.00000000
2024-11-15T14:37:31.260890+0800 ERROR Segments csv file can  not be parsed
2024-11-15T14:37:31.261889+0800 INFO bins:['8.0', '1.0', '0.106', '0.038', 'Bottom'] 
2024-11-15T14:39:49.631469+0800 INFO UnderS (0.15) [%]: 0.00000000
2024-11-15T14:39:49.633467+0800 ERROR Segments csv file can  not be parsed
2024-11-15T14:39:49.634472+0800 INFO bins:['8.0', '1.0', '0.106', '0.038', 'Bottom'] 
2024-11-15T15:00:19.357838+0800 INFO UnderS (0.15) [%]: 0.00000000
2024-11-15T15:00:19.359838+0800 ERROR Segments csv file can  not be parsed
2024-11-15T15:00:19.360837+0800 INFO bins:['8.0', '1.0', '0.106', '0.038', 'Bottom'] 
2024-11-15T15:04:41.505862+0800 INFO UnderS (0.15) [%]: 0.00000000
2024-11-15T15:04:41.506864+0800 ERROR Segments csv file can  not be parsed
2024-11-15T15:04:41.514368+0800 INFO bins:['8.0', '1.0', '0.106', '0.038', 'Bottom'] 
2024-11-15T15:07:33.444837+0800 INFO UnderS (0.15) [%]: 0.00000000
2024-11-15T15:07:33.446839+0800 ERROR Segments csv file can  not be parsed
2024-11-15T15:07:33.447837+0800 INFO bins:['8.0', '1.0', '0.106', '0.038', 'Bottom'] 
2024-11-15T15:08:32.080002+0800 INFO UnderS (0.15) [%]: 0.00000000
2024-11-15T15:08:32.082018+0800 ERROR Segments csv file can  not be parsed
2024-11-15T15:08:32.083015+0800 INFO bins:['8.0', '1.0', '0.106', '0.038', 'Bottom'] 
2024-11-15T15:11:27.361097+0800 INFO UnderS (0.15) [%]: 0.00000000
2024-11-15T15:11:27.362098+0800 ERROR Segments csv file can  not be parsed
2024-11-15T15:11:27.363097+0800 INFO bins:['8.0', '1.0', '0.106', '0.038', 'Bottom'] 
2024-11-15T15:11:46.460254+0800 INFO UnderS (0.15) [%]: 0.00000000
2024-11-15T15:11:46.462254+0800 ERROR Segments csv file can  not be parsed
2024-11-15T15:11:46.466255+0800 INFO bins:['8.0', '1.0', '0.106', '0.038', 'Bottom'] 
2024-11-15T15:14:49.874665+0800 INFO UnderS (0.15) [%]: 0.00000000
2024-11-15T15:14:49.876666+0800 ERROR Segments csv file can  not be parsed
2024-11-15T15:14:49.877665+0800 INFO bins:['8.0', '1.0', '0.106', '0.038', 'Bottom'] 
